<?xml version="1.0" encoding="UTF-8"?>
<testng-results skipped="0" failed="1" ignored="0" total="9" passed="8">
  <reporter-output>
  </reporter-output>
  <suite name="Default suite" duration-ms="166995" started-at="2023-03-14T15:23:07 IST" finished-at="2023-03-14T15:25:54 IST">
    <groups>
    </groups>
    <test name="Default test" duration-ms="166995" started-at="2023-03-14T15:23:07 IST" finished-at="2023-03-14T15:25:54 IST">
      <class name="testScripts.PlaceOrderTest">
        <test-method status="PASS" signature="setup()[pri:0, instance:testScripts.PlaceOrderTest@eb21112]" name="setup" is-config="true" duration-ms="60579" started-at="2023-03-14T15:23:07 IST" finished-at="2023-03-14T15:24:07 IST">
          <reporter-output>
          </reporter-output>
        </test-method> <!-- setup -->
        <test-method status="PASS" signature="LoginTest()[pri:1, instance:testScripts.PlaceOrderTest@eb21112]" name="LoginTest" duration-ms="11566" started-at="2023-03-14T15:24:08 IST" finished-at="2023-03-14T15:24:19 IST">
          <reporter-output>
          </reporter-output>
        </test-method> <!-- LoginTest -->
        <test-method status="PASS" signature="AddTest(java.lang.String,java.lang.String)[pri:2, instance:testScripts.PlaceOrderTest@eb21112]" name="AddTest" duration-ms="6799" started-at="2023-03-14T15:24:20 IST" data-provider="SingleItem" finished-at="2023-03-14T15:24:26 IST">
          <params>
            <param index="0">
              <value>
                <![CDATA[Phones]]>
              </value>
            </param>
            <param index="1">
              <value>
                <![CDATA[Samsung galaxy s6]]>
              </value>
            </param>
          </params>
          <reporter-output>
          </reporter-output>
        </test-method> <!-- AddTest -->
        <test-method status="PASS" signature="ViewCartTest()[pri:3, instance:testScripts.PlaceOrderTest@eb21112]" name="ViewCartTest" duration-ms="5075" started-at="2023-03-14T15:24:27 IST" finished-at="2023-03-14T15:24:32 IST">
          <reporter-output>
          </reporter-output>
        </test-method> <!-- ViewCartTest -->
        <test-method status="PASS" signature="DeleteCartTest()[pri:4, instance:testScripts.PlaceOrderTest@eb21112]" name="DeleteCartTest" duration-ms="988" started-at="2023-03-14T15:24:32 IST" finished-at="2023-03-14T15:24:33 IST">
          <reporter-output>
          </reporter-output>
        </test-method> <!-- DeleteCartTest -->
        <test-method status="FAIL" signature="MulAddTest(java.lang.String,java.lang.String)[pri:5, instance:testScripts.PlaceOrderTest@eb21112]" name="MulAddTest" duration-ms="32806" started-at="2023-03-14T15:24:33 IST" data-provider="MultipleItem" finished-at="2023-03-14T15:25:05 IST">
          <params>
            <param index="0">
              <value>
                <![CDATA[Laptops]]>
              </value>
            </param>
            <param index="1">
              <value>
                <![CDATA[MacBook air]]>
              </value>
            </param>
          </params>
          <exception class="org.openqa.selenium.NoSuchElementException">
            <message>
              <![CDATA[no such element: Unable to locate element: {"method":"link text","selector":"Laptops"}
  (Session info: chrome=110.0.5481.180)
For documentation on this error, please visit: https://selenium.dev/exceptions/#no_such_element
Build info: version: '4.6.0', revision: '79f1c02ae20'
System info: os.name: 'Windows 10', os.arch: 'amd64', os.version: '10.0', java.version: '1.8.0_144'
Driver info: org.openqa.selenium.chrome.ChromeDriver
Command: [f4282d253a967d6a0c908e71826dbc8e, findElement {using=link text, value=Laptops}]
Capabilities {acceptInsecureCerts: false, browserName: chrome, browserVersion: 110.0.5481.180, chrome: {chromedriverVersion: 110.0.5481.77 (65ed616c6e8e..., userDataDir: C:\Users\hp\AppData\Local\T...}, goog:chromeOptions: {debuggerAddress: localhost:50171}, networkConnectionEnabled: false, pageLoadStrategy: normal, platformName: WINDOWS, proxy: Proxy(), se:cdp: ws://localhost:50171/devtoo..., se:cdpVersion: 110.0.5481.180, setWindowRect: true, strictFileInteractability: false, timeouts: {implicit: 0, pageLoad: 300000, script: 30000}, unhandledPromptBehavior: dismiss and notify, webauthn:extension:credBlob: true, webauthn:extension:largeBlob: true, webauthn:virtualAuthenticators: true}
Session ID: f4282d253a967d6a0c908e71826dbc8e]]>
            </message>
            <full-stacktrace>
              <![CDATA[org.openqa.selenium.NoSuchElementException: no such element: Unable to locate element: {"method":"link text","selector":"Laptops"}
  (Session info: chrome=110.0.5481.180)
For documentation on this error, please visit: https://selenium.dev/exceptions/#no_such_element
Build info: version: '4.6.0', revision: '79f1c02ae20'
System info: os.name: 'Windows 10', os.arch: 'amd64', os.version: '10.0', java.version: '1.8.0_144'
Driver info: org.openqa.selenium.chrome.ChromeDriver
Command: [f4282d253a967d6a0c908e71826dbc8e, findElement {using=link text, value=Laptops}]
Capabilities {acceptInsecureCerts: false, browserName: chrome, browserVersion: 110.0.5481.180, chrome: {chromedriverVersion: 110.0.5481.77 (65ed616c6e8e..., userDataDir: C:\Users\hp\AppData\Local\T...}, goog:chromeOptions: {debuggerAddress: localhost:50171}, networkConnectionEnabled: false, pageLoadStrategy: normal, platformName: WINDOWS, proxy: Proxy(), se:cdp: ws://localhost:50171/devtoo..., se:cdpVersion: 110.0.5481.180, setWindowRect: true, strictFileInteractability: false, timeouts: {implicit: 0, pageLoad: 300000, script: 30000}, unhandledPromptBehavior: dismiss and notify, webauthn:extension:credBlob: true, webauthn:extension:largeBlob: true, webauthn:virtualAuthenticators: true}
Session ID: f4282d253a967d6a0c908e71826dbc8e
at sun.reflect.NativeConstructorAccessorImpl.newInstance0(Native Method)
at sun.reflect.NativeConstructorAccessorImpl.newInstance(NativeConstructorAccessorImpl.java:62)
at sun.reflect.DelegatingConstructorAccessorImpl.newInstance(DelegatingConstructorAccessorImpl.java:45)
at java.lang.reflect.Constructor.newInstance(Constructor.java:423)
at org.openqa.selenium.remote.codec.w3c.W3CHttpResponseCodec.createException(W3CHttpResponseCodec.java:200)
at org.openqa.selenium.remote.codec.w3c.W3CHttpResponseCodec.decode(W3CHttpResponseCodec.java:133)
at org.openqa.selenium.remote.codec.w3c.W3CHttpResponseCodec.decode(W3CHttpResponseCodec.java:53)
at org.openqa.selenium.remote.HttpCommandExecutor.execute(HttpCommandExecutor.java:184)
at org.openqa.selenium.remote.service.DriverCommandExecutor.invokeExecute(DriverCommandExecutor.java:167)
at org.openqa.selenium.remote.service.DriverCommandExecutor.execute(DriverCommandExecutor.java:142)
at org.openqa.selenium.remote.RemoteWebDriver.execute(RemoteWebDriver.java:541)
at org.openqa.selenium.remote.ElementLocation$ElementFinder$2.findElement(ElementLocation.java:162)
at org.openqa.selenium.remote.ElementLocation.findElement(ElementLocation.java:60)
at org.openqa.selenium.remote.RemoteWebDriver.findElement(RemoteWebDriver.java:365)
at org.openqa.selenium.remote.RemoteWebDriver.findElement(RemoteWebDriver.java:357)
at pages.AddMultipleItem.multipleItemAdd(AddMultipleItem.java:38)
at testScripts.PlaceOrderTest.MulAddTest(PlaceOrderTest.java:71)
at sun.reflect.NativeMethodAccessorImpl.invoke0(Native Method)
at sun.reflect.NativeMethodAccessorImpl.invoke(NativeMethodAccessorImpl.java:62)
at sun.reflect.DelegatingMethodAccessorImpl.invoke(DelegatingMethodAccessorImpl.java:43)
at java.lang.reflect.Method.invoke(Method.java:498)
at org.testng.internal.MethodInvocationHelper.invokeMethod(MethodInvocationHelper.java:133)
at org.testng.internal.TestInvoker.invokeMethod(TestInvoker.java:598)
at org.testng.internal.TestInvoker.invokeTestMethod(TestInvoker.java:173)
at org.testng.internal.MethodRunner.runInSequence(MethodRunner.java:46)
at org.testng.internal.TestInvoker$MethodInvocationAgent.invoke(TestInvoker.java:824)
at org.testng.internal.TestInvoker.invokeTestMethods(TestInvoker.java:146)
at org.testng.internal.TestMethodWorker.invokeTestMethods(TestMethodWorker.java:146)
at org.testng.internal.TestMethodWorker.run(TestMethodWorker.java:128)
at java.util.ArrayList.forEach(ArrayList.java:1249)
at org.testng.TestRunner.privateRun(TestRunner.java:794)
at org.testng.TestRunner.run(TestRunner.java:596)
at org.testng.SuiteRunner.runTest(SuiteRunner.java:377)
at org.testng.SuiteRunner.runSequentially(SuiteRunner.java:371)
at org.testng.SuiteRunner.privateRun(SuiteRunner.java:332)
at org.testng.SuiteRunner.run(SuiteRunner.java:276)
at org.testng.SuiteRunnerWorker.runSuite(SuiteRunnerWorker.java:53)
at org.testng.SuiteRunnerWorker.run(SuiteRunnerWorker.java:96)
at org.testng.TestNG.runSuitesSequentially(TestNG.java:1212)
at org.testng.TestNG.runSuitesLocally(TestNG.java:1134)
at org.testng.TestNG.runSuites(TestNG.java:1063)
at org.testng.TestNG.run(TestNG.java:1031)
at org.testng.remote.AbstractRemoteTestNG.run(AbstractRemoteTestNG.java:115)
at org.testng.remote.RemoteTestNG.initAndRun(RemoteTestNG.java:251)
at org.testng.remote.RemoteTestNG.main(RemoteTestNG.java:77)
]]>
            </full-stacktrace>
          </exception> <!-- org.openqa.selenium.NoSuchElementException -->
          <reporter-output>
          </reporter-output>
        </test-method> <!-- MulAddTest -->
        <test-method status="PASS" signature="MulAddTest(java.lang.String,java.lang.String)[pri:5, instance:testScripts.PlaceOrderTest@eb21112]" name="MulAddTest" duration-ms="17947" started-at="2023-03-14T15:25:06 IST" data-provider="MultipleItem" finished-at="2023-03-14T15:25:23 IST">
          <params>
            <param index="0">
              <value>
                <![CDATA[Monitors]]>
              </value>
            </param>
            <param index="1">
              <value>
                <![CDATA[Apple monitor 24]]>
              </value>
            </param>
          </params>
          <reporter-output>
          </reporter-output>
        </test-method> <!-- MulAddTest -->
        <test-method status="PASS" signature="MulAddTest(java.lang.String,java.lang.String)[pri:5, instance:testScripts.PlaceOrderTest@eb21112]" name="MulAddTest" duration-ms="15018" started-at="2023-03-14T15:25:23 IST" data-provider="MultipleItem" finished-at="2023-03-14T15:25:39 IST">
          <params>
            <param index="0">
              <value>
                <![CDATA[Monitors]]>
              </value>
            </param>
            <param index="1">
              <value>
                <![CDATA[ASUS Full HD]]>
              </value>
            </param>
          </params>
          <reporter-output>
          </reporter-output>
        </test-method> <!-- MulAddTest -->
        <test-method status="PASS" signature="MulAddviewTest()[pri:6, instance:testScripts.PlaceOrderTest@eb21112]" name="MulAddviewTest" duration-ms="5794" started-at="2023-03-14T15:25:39 IST" finished-at="2023-03-14T15:25:44 IST">
          <reporter-output>
          </reporter-output>
        </test-method> <!-- MulAddviewTest -->
        <test-method status="PASS" signature="orderCartTest()[pri:7, instance:testScripts.PlaceOrderTest@eb21112]" name="orderCartTest" duration-ms="9482" started-at="2023-03-14T15:25:44 IST" finished-at="2023-03-14T15:25:54 IST">
          <reporter-output>
          </reporter-output>
        </test-method> <!-- orderCartTest -->
      </class> <!-- testScripts.PlaceOrderTest -->
    </test> <!-- Default test -->
  </suite> <!-- Default suite -->
</testng-results>
